<?xml version="1.0" encoding="UTF-8"?>
<testng-results ignored="0" total="2" passed="2" failed="0" skipped="0">
  <reporter-output>
  </reporter-output>
  <suite started-at="2022-06-13T13:27:00 IST" name="Default suite" finished-at="2022-06-13T13:27:05 IST" duration-ms="5522">
    <groups>
    </groups>
    <test started-at="2022-06-13T13:27:00 IST" name="Default test" finished-at="2022-06-13T13:27:05 IST" duration-ms="5522">
      <class name="com.obs.tests.LoginTest">
        <test-method is-config="true" signature="launch()[pri:0, instance:com.obs.tests.LoginTest@f5acb9d]" started-at="2022-06-13T13:27:00 IST" name="launch" finished-at="2022-06-13T13:27:04 IST" duration-ms="4355" status="PASS">
          <reporter-output>
          </reporter-output>
        </test-method> <!-- launch -->
        <test-method is-config="true" signature="invokeLogin()[pri:0, instance:com.obs.tests.LoginTest@f5acb9d]" started-at="2022-06-13T13:27:04 IST" name="invokeLogin" finished-at="2022-06-13T13:27:04 IST" duration-ms="53" status="PASS">
          <reporter-output>
          </reporter-output>
        </test-method> <!-- invokeLogin -->
        <test-method signature="verifyEmptyLogin()[pri:0, instance:com.obs.tests.LoginTest@f5acb9d]" started-at="2022-06-13T13:27:04 IST" name="verifyEmptyLogin" finished-at="2022-06-13T13:27:04 IST" duration-ms="416" status="PASS">
          <reporter-output>
          </reporter-output>
        </test-method> <!-- verifyEmptyLogin -->
        <test-method is-config="true" signature="invokeLogin()[pri:0, instance:com.obs.tests.LoginTest@f5acb9d]" started-at="2022-06-13T13:27:04 IST" name="invokeLogin" finished-at="2022-06-13T13:27:04 IST" duration-ms="1" status="PASS">
          <reporter-output>
          </reporter-output>
        </test-method> <!-- invokeLogin -->
        <test-method signature="verifyInValidLogin()[pri:1, instance:com.obs.tests.LoginTest@f5acb9d]" started-at="2022-06-13T13:27:04 IST" name="verifyInValidLogin" finished-at="2022-06-13T13:27:05 IST" duration-ms="331" status="PASS">
          <reporter-output>
          </reporter-output>
        </test-method> <!-- verifyInValidLogin -->
        <test-method is-config="true" signature="quitBrowser()[pri:0, instance:com.obs.tests.LoginTest@f5acb9d]" started-at="2022-06-13T13:27:05 IST" name="quitBrowser" finished-at="2022-06-13T13:27:05 IST" duration-ms="295" status="PASS">
          <reporter-output>
          </reporter-output>
        </test-method> <!-- quitBrowser -->
      </class> <!-- com.obs.tests.LoginTest -->
    </test> <!-- Default test -->
  </suite> <!-- Default suite -->
</testng-results>
